{
  "RSpec": {
    "coverage": {
      "/Users/verbeckjb/git/treatment-arm-api/treatment_arm_api/app/processor/basic_treatment_arm_processor.rb": [
        1,
        1,
        null,
        1,
        null,
        1,
        3,
        null,
        null,
        1,
        3,
        0,
        0,
        null,
        null,
        null,
        null,
        null,
        null,
        0,
        null,
        null,
        null,
        null,
        null,
        0,
        null,
        null,
        null,
        3,
        null,
        null,
        null,
        null
      ],
      "/Users/verbeckjb/git/treatment-arm-api/treatment_arm_api/app/models/basic_treatment_arm.rb": [
        1,
        null,
        1,
        1,
        null,
        1,
        null,
        1,
        1,
        1,
        1,
        1,
        1,
        1,
        1,
        1,
        1,
        1,
        null,
        null,
        null
      ],
      "/Users/verbeckjb/git/treatment-arm-api/treatment_arm_api/app/controllers/treatmentarm_controller.rb": [
        null,
        1,
        null,
        1,
        null,
        null,
        null,
        1,
        0,
        0,
        0,
        0,
        0,
        0,
        0,
        null,
        null,
        null,
        null,
        null,
        1,
        0,
        0,
        0,
        0,
        0,
        0,
        0,
        null,
        null,
        0,
        0,
        0,
        null,
        null,
        null,
        1,
        0,
        0,
        0,
        0,
        null,
        null,
        null,
        1,
        0,
        0,
        0,
        0,
        null,
        null,
        null,
        1,
        0,
        0,
        0,
        null,
        0,
        null,
        0,
        0,
        0,
        null,
        null,
        null,
        null,
        1,
        0,
        0,
        0,
        0,
        null,
        null,
        null,
        1,
        0,
        0,
        0,
        0,
        null,
        null,
        null,
        1,
        null,
        1,
        0,
        0,
        null,
        null,
        null
      ],
      "/Users/verbeckjb/git/treatment-arm-api/treatment_arm_api/app/controllers/application_controller.rb": [
        1,
        null,
        null,
        null,
        null,
        null,
        null,
        null
      ],
      "/Users/verbeckjb/git/treatment-arm-api/treatment_arm_api/lib/amoi_util.rb": [
        1,
        1,
        null,
        1,
        9,
        9,
        null,
        null,
        9,
        9,
        0,
        null,
        null,
        null,
        null,
        null,
        9,
        null,
        null,
        6,
        null,
        null,
        1,
        5,
        3,
        null,
        null,
        null,
        1,
        39,
        35,
        null,
        null,
        1,
        null,
        4,
        null,
        4,
        4,
        4,
        10,
        4,
        4,
        4,
        3,
        3,
        null,
        null,
        null,
        null,
        4,
        null,
        null,
        null,
        null,
        null,
        null
      ],
      "/Users/verbeckjb/git/treatment-arm-api/treatment_arm_api/app/models/disease.rb": [
        1,
        null,
        1,
        1,
        null,
        1,
        1,
        1,
        1,
        1,
        1,
        null,
        1,
        null,
        null
      ],
      "/Users/verbeckjb/git/treatment-arm-api/treatment_arm_api/app/models/drug.rb": [
        1,
        null,
        1,
        1,
        1,
        null,
        1,
        1,
        null,
        1,
        1,
        1,
        1,
        1,
        1,
        null,
        null,
        null
      ],
      "/Users/verbeckjb/git/treatment-arm-api/treatment_arm_api/app/models/exclusion_criteria.rb": [
        1,
        null,
        1,
        1,
        null,
        1,
        null,
        1,
        1,
        null,
        null
      ],
      "/Users/verbeckjb/git/treatment-arm-api/treatment_arm_api/app/models/exclusion_variant.rb": [
        1,
        null,
        1,
        1,
        null,
        1,
        1,
        1,
        1,
        1,
        1,
        1,
        1,
        1,
        1,
        1,
        1,
        null,
        null
      ],
      "/Users/verbeckjb/git/treatment-arm-api/treatment_arm_api/app/models/inclusion_variant.rb": [
        1,
        null,
        1,
        1,
        null,
        1,
        1,
        1,
        1,
        1,
        1,
        1,
        1,
        1,
        1,
        1,
        1,
        null,
        null,
        null
      ],
      "/Users/verbeckjb/git/treatment-arm-api/treatment_arm_api/app/models/pten_result.rb": [
        1,
        null,
        1,
        1,
        1,
        1,
        null,
        1,
        1,
        1,
        null,
        1,
        null,
        1,
        0,
        null,
        null,
        null
      ],
      "/Users/verbeckjb/git/treatment-arm-api/treatment_arm_api/app/controllers/version_controller.rb": [
        0,
        0,
        0,
        0,
        0,
        0,
        0,
        0,
        0,
        0,
        0,
        0
      ],
      "/Users/verbeckjb/git/treatment-arm-api/treatment_arm_api/app/helpers/application_helper.rb": [
        0,
        0
      ],
      "/Users/verbeckjb/git/treatment-arm-api/treatment_arm_api/app/jobs/basic_treatment_arm_job.rb": [
        0,
        0,
        0,
        0,
        0,
        0,
        0,
        0,
        0,
        0,
        0,
        0,
        0,
        0,
        0,
        0,
        0,
        0,
        0,
        0,
        0,
        0,
        0,
        0,
        0,
        0,
        0,
        0,
        0,
        0,
        0,
        0,
        0,
        0,
        0,
        0,
        0,
        0,
        0,
        0,
        0,
        0,
        0,
        0
      ],
      "/Users/verbeckjb/git/treatment-arm-api/treatment_arm_api/app/jobs/treatment_arm_job.rb": [
        0,
        0,
        0,
        0,
        0,
        0,
        0,
        0,
        0,
        0,
        0,
        0,
        0,
        0,
        0,
        0,
        0,
        0,
        0,
        0,
        0,
        0,
        0,
        0,
        0,
        0,
        0,
        0,
        0,
        0
      ],
      "/Users/verbeckjb/git/treatment-arm-api/treatment_arm_api/app/models/non_hotspot_rule.rb": [
        0,
        0,
        0,
        0,
        0,
        0,
        0,
        0,
        0,
        0,
        0,
        0,
        0,
        0,
        0,
        0
      ],
      "/Users/verbeckjb/git/treatment-arm-api/treatment_arm_api/app/models/treatment_arm.rb": [
        0,
        0,
        0,
        0,
        0,
        0,
        0,
        0,
        0,
        0,
        0,
        0,
        0,
        0,
        0,
        0,
        0,
        0,
        0,
        0,
        0,
        0,
        0,
        0,
        0,
        0,
        0,
        0,
        0,
        0,
        0,
        0,
        0,
        0,
        0,
        0,
        0,
        0,
        0,
        0,
        0,
        0,
        0,
        0,
        0,
        0,
        0,
        0,
        0,
        0,
        0,
        0,
        0
      ],
      "/Users/verbeckjb/git/treatment-arm-api/treatment_arm_api/app/models/user.rb": [
        0,
        0,
        0,
        0,
        0,
        0,
        0,
        0,
        0,
        0,
        0
      ],
      "/Users/verbeckjb/git/treatment-arm-api/treatment_arm_api/app/models/variant_report.rb": [
        0,
        0,
        0,
        0,
        0,
        0,
        0,
        0,
        0,
        0,
        0,
        0,
        0,
        0,
        0,
        0,
        0,
        0,
        0,
        0,
        0,
        0,
        0,
        0,
        0,
        0,
        0,
        0,
        0,
        0,
        0,
        0,
        0,
        0,
        0,
        0,
        0,
        0,
        0,
        0,
        0,
        0,
        0,
        0,
        0,
        0,
        0,
        0,
        0,
        0,
        0,
        0,
        0,
        0,
        0
      ],
      "/Users/verbeckjb/git/treatment-arm-api/treatment_arm_api/app/models/variants/confirmable_variant.rb": [
        0,
        0,
        0,
        0,
        0,
        0,
        0,
        0,
        0,
        0
      ],
      "/Users/verbeckjb/git/treatment-arm-api/treatment_arm_api/app/models/variants/copy_number_variant.rb": [
        0,
        0,
        0,
        0,
        0,
        0,
        0,
        0,
        0,
        0,
        0,
        0,
        0,
        0,
        0,
        0,
        0
      ],
      "/Users/verbeckjb/git/treatment-arm-api/treatment_arm_api/app/models/variants/gene_fusion.rb": [
        0,
        0,
        0,
        0,
        0,
        0,
        0,
        0,
        0,
        0,
        0
      ],
      "/Users/verbeckjb/git/treatment-arm-api/treatment_arm_api/app/models/variants/indel.rb": [
        0,
        0,
        0,
        0,
        0,
        0,
        0,
        0,
        0,
        0
      ],
      "/Users/verbeckjb/git/treatment-arm-api/treatment_arm_api/app/models/variants/non_hotspot_rule.rb": [
        0,
        0,
        0,
        0,
        0,
        0,
        0,
        0,
        0,
        0,
        0,
        0,
        0,
        0,
        0
      ],
      "/Users/verbeckjb/git/treatment-arm-api/treatment_arm_api/app/models/variants/single_nucleotide_variant.rb": [
        0,
        0,
        0,
        0,
        0,
        0,
        0,
        0,
        0,
        0
      ],
      "/Users/verbeckjb/git/treatment-arm-api/treatment_arm_api/app/models/variants/unified_gene_fusion.rb": [
        0,
        0,
        0,
        0,
        0,
        0,
        0,
        0,
        0,
        0,
        0,
        0,
        0,
        0,
        0,
        0
      ],
      "/Users/verbeckjb/git/treatment-arm-api/treatment_arm_api/app/models/variants/variant.rb": [
        0,
        0,
        0,
        0,
        0,
        0,
        0,
        0,
        0,
        0,
        0,
        0,
        0,
        0,
        0,
        0,
        0,
        0,
        0,
        0,
        0,
        0,
        0,
        0,
        0,
        0,
        0,
        0,
        0,
        0,
        0,
        0,
        0
      ],
      "/Users/verbeckjb/git/treatment-arm-api/treatment_arm_api/lib/hash_extension.rb": [
        0,
        0,
        0,
        0,
        0,
        0,
        0,
        0,
        0,
        0,
        0,
        0
      ]
    },
    "timestamp": 1459271455
  }
}
